<?xml version="1.0" encoding="utf-8" ?>
<data noupdate="false">

  <record entity="test.test_entity" key="tm1">
    <field name="name">name1</field>
    <field name="address">address1</field>
    <field name="double_field">11.0</field>
  </record> 

  <record entity="test.test_entity" key="tm2">
    <field name="name">name2</field>
    <field name="address">address2</field>
    <field name="double_field">22.0</field>
  </record> 

  <record entity="test.test_entity" key="tm3">
    <field name="name">name3</field>
    <field name="address">address3</field>
    <field name="double_field">33.0</field>
  </record>

  <record entity="test.test_entity" key="tm1">
    <field name="name">name_changed</field>
    <field name="address">address1</field>
    <field name="double_field">11.0</field>
  </record>


</data>

